<?xml version="1.0" encoding="UTF-8"?>
<coverage generated="1747758328480" clover="3.2.0">
  <project timestamp="1747758328481" name="All files">
    <metrics statements="30" coveredstatements="30" conditionals="17" coveredconditionals="16" methods="7" coveredmethods="7" elements="54" coveredelements="53" complexity="0" loc="30" ncloc="30" packages="1" files="1" classes="1"/>
    <file name="index.js" path="D:\VS Code\Project\ITGitBranch\frontend-41-git\16.05.2025\index.js">
      <metrics statements="30" coveredstatements="30" conditionals="17" coveredconditionals="16" methods="7" coveredmethods="7"/>
      <line num="3" count="18" type="stmt"/>
      <line num="7" count="4" type="cond" truecount="4" falsecount="0"/>
      <line num="8" count="2" type="stmt"/>
      <line num="9" count="2" type="stmt"/>
      <line num="13" count="4" type="cond" truecount="2" falsecount="0"/>
      <line num="15" count="1" type="stmt"/>
      <line num="16" count="1" type="stmt"/>
      <line num="18" count="3" type="cond" truecount="2" falsecount="0"/>
      <line num="20" count="1" type="stmt"/>
      <line num="21" count="1" type="stmt"/>
      <line num="23" count="2" type="stmt"/>
      <line num="24" count="2" type="stmt"/>
      <line num="28" count="4" type="stmt"/>
      <line num="30" count="4" type="stmt"/>
      <line num="31" count="36" type="cond" truecount="4" falsecount="0"/>
      <line num="32" count="11" type="stmt"/>
      <line num="34" count="25" type="stmt"/>
      <line num="36" count="4" type="stmt"/>
      <line num="37" count="4" type="stmt"/>
      <line num="41" count="3" type="stmt"/>
      <line num="42" count="3" type="stmt"/>
      <line num="43" count="18" type="stmt"/>
      <line num="44" count="18" type="cond" truecount="2" falsecount="0"/>
      <line num="46" count="3" type="stmt"/>
      <line num="47" count="3" type="stmt"/>
      <line num="51" count="3" type="stmt"/>
      <line num="53" count="18" type="cond" truecount="2" falsecount="0"/>
      <line num="54" count="5" type="stmt"/>
      <line num="56" count="18" type="stmt"/>
      <line num="61" count="1" type="stmt"/>
    </file>
  </project>
</coverage>
