TN:
SF:index.js
FN:2,(anonymous_0)
FN:5,(anonymous_1)
FN:11,(anonymous_2)
FN:26,(anonymous_3)
FN:39,(anonymous_4)
FN:49,(anonymous_5)
FN:51,(anonymous_6)
FNF:7
FNH:7
FNDA:18,(anonymous_0)
FNDA:4,(anonymous_1)
FNDA:4,(anonymous_2)
FNDA:4,(anonymous_3)
FNDA:3,(anonymous_4)
FNDA:3,(anonymous_5)
FNDA:18,(anonymous_6)
DA:3,18
DA:7,4
DA:8,2
DA:9,2
DA:13,4
DA:15,1
DA:16,1
DA:18,3
DA:20,1
DA:21,1
DA:23,2
DA:24,2
DA:28,4
DA:30,4
DA:31,36
DA:32,11
DA:34,25
DA:36,4
DA:37,4
DA:41,3
DA:42,3
DA:43,18
DA:44,18
DA:46,3
DA:47,3
DA:51,3
DA:53,18
DA:54,5
DA:56,18
DA:61,1
LF:30
LH:30
BRDA:2,0,0,0
BRDA:7,1,0,2
BRDA:7,1,1,2
BRDA:7,2,0,4
BRDA:7,2,1,3
BRDA:13,3,0,1
BRDA:13,3,1,3
BRDA:18,4,0,1
BRDA:18,4,1,2
BRDA:31,5,0,11
BRDA:31,5,1,25
BRDA:31,6,0,36
BRDA:31,6,1,32
BRDA:44,7,0,9
BRDA:44,7,1,9
BRDA:53,8,0,5
BRDA:53,8,1,13
BRF:17
BRH:16
end_of_record
