{"D:\\JS2.0\\frontend-41-github\\Lec\\12.05.2025\\db.js": {"path":"D:\\JS2.0\\frontend-41-github\\Lec\\12.05.2025\\db.js","statementMap":{"0":{"start":{"line":2,"column":2},"end":{"line":2,"column":30}},"1":{"start":{"line":4,"column":0},"end":{"line":4,"column":34}}},"fnMap":{"0":{"name":"findUserById","decl":{"start":{"line":1,"column":9},"end":{"line":1,"column":21}},"loc":{"start":{"line":1,"column":26},"end":{"line":3,"column":1}},"line":1}},"branchMap":{},"s":{"0":0,"1":1},"f":{"0":0},"b":{},"_coverageSchema":"1a1c01bbd47fc00a2c39e90264f33305004495a9","hash":"6b8e3b1d129d90347b4eace06c228f697630fbbb"}
,"D:\\JS2.0\\frontend-41-github\\Lec\\12.05.2025\\testUnik.js": {"path":"D:\\JS2.0\\frontend-41-github\\Lec\\12.05.2025\\testUnik.js","statementMap":{"0":{"start":{"line":2,"column":2},"end":{"line":2,"column":15}},"1":{"start":{"line":5,"column":2},"end":{"line":5,"column":51}},"2":{"start":{"line":5,"column":15},"end":{"line":5,"column":51}},"3":{"start":{"line":6,"column":2},"end":{"line":6,"column":15}},"4":{"start":{"line":8,"column":0},"end":{"line":8,"column":33}}},"fnMap":{"0":{"name":"add","decl":{"start":{"line":1,"column":9},"end":{"line":1,"column":12}},"loc":{"start":{"line":1,"column":19},"end":{"line":3,"column":1}},"line":1},"1":{"name":"divide","decl":{"start":{"line":4,"column":9},"end":{"line":4,"column":15}},"loc":{"start":{"line":4,"column":22},"end":{"line":7,"column":1}},"line":4}},"branchMap":{"0":{"loc":{"start":{"line":5,"column":2},"end":{"line":5,"column":51}},"type":"if","locations":[{"start":{"line":5,"column":2},"end":{"line":5,"column":51}},{"start":{},"end":{}}],"line":5}},"s":{"0":2,"1":2,"2":1,"3":1,"4":1},"f":{"0":2,"1":2},"b":{"0":[1,1]},"_coverageSchema":"1a1c01bbd47fc00a2c39e90264f33305004495a9","hash":"527def58292364806d944c4766bc64071b0fe6af"}
,"D:\\JS2.0\\frontend-41-github\\Lec\\12.05.2025\\userService.js": {"path":"D:\\JS2.0\\frontend-41-github\\Lec\\12.05.2025\\userService.js","statementMap":{"0":{"start":{"line":1,"column":11},"end":{"line":1,"column":26}},"1":{"start":{"line":3,"column":15},"end":{"line":3,"column":38}},"2":{"start":{"line":4,"column":2},"end":{"line":4,"column":47}},"3":{"start":{"line":4,"column":13},"end":{"line":4,"column":47}},"4":{"start":{"line":5,"column":2},"end":{"line":5,"column":19}},"5":{"start":{"line":7,"column":0},"end":{"line":7,"column":33}}},"fnMap":{"0":{"name":"getUserName","decl":{"start":{"line":2,"column":9},"end":{"line":2,"column":20}},"loc":{"start":{"line":2,"column":29},"end":{"line":6,"column":1}},"line":2}},"branchMap":{"0":{"loc":{"start":{"line":4,"column":2},"end":{"line":4,"column":47}},"type":"if","locations":[{"start":{"line":4,"column":2},"end":{"line":4,"column":47}},{"start":{},"end":{}}],"line":4}},"s":{"0":1,"1":2,"2":2,"3":1,"4":1,"5":1},"f":{"0":2},"b":{"0":[1,1]},"_coverageSchema":"1a1c01bbd47fc00a2c39e90264f33305004495a9","hash":"4a0db70ae7110eff4d5a8eb59301eab6f5c52ee1"}
}
